<?xml version="1.0" encoding="UTF-8"?>
<!-- Generated by org.testng.reporters.JUnitXMLReporter -->
<testsuite ignored="0" hostname="ZNL-PRDQ-156" failures="0" tests="5" name="Default test" time="45.323" errors="0" timestamp="2024-11-10T16:55:13 IST">
  <testcase classname="Automationproject.OrangeHRM" name="login" time="3.526"/>
  <testcase classname="Automationproject.OrangeHRM" name="personaldetails" time="9.635"/>
  <testcase classname="Automationproject.OrangeHRM" name="customfield" time="2.592"/>
  <testcase classname="Automationproject.OrangeHRM" name="addattachment" time="6.841"/>
  <testcase classname="Automationproject.OrangeHRM" name="logput" time="1.559"/>
</testsuite> <!-- Default test -->
