<?xml version="1.0" encoding="UTF-8"?>
<!-- Generated by org.testng.reporters.JUnitXMLReporter -->
<testsuite ignored="2" hostname="ZNL-PRDQ-156" failures="0" tests="2" name="GRP-even" time="0.043" errors="0" timestamp="2024-10-02T10:17:21 IST">
  <testcase classname="day01_10.GROUPING" name="test2" time="0.009"/>
  <testcase classname="day01_10.GROUPING" name="test4" time="0.001"/>
  <testcase classname="day01_10.GROUPING" name="test3" time="0.0">
    <ignored/>
  </testcase> <!-- test3 -->
  <testcase classname="day01_10.GROUPING" name="test1" time="0.0">
    <ignored/>
  </testcase> <!-- test1 -->
</testsuite> <!-- GRP-even -->
